0 info it worked if it ends with ok
1 verbose cli [ 'C:\\Program Files\\nodejs\\node.exe',
1 verbose cli   'C:\\Program Files\\nodejs\\node_modules\\npm\\bin\\npm-cli.js',
1 verbose cli   'run',
1 verbose cli   'startWebpackDevServer' ]
2 info using npm@3.10.8
3 info using node@v6.9.0
4 verbose run-script [ 'prestartWebpackDevServer',
4 verbose run-script   'startWebpackDevServer',
4 verbose run-script   'poststartWebpackDevServer' ]
5 info lifecycle salute-online@1.0.0~prestartWebpackDevServer: salute-online@1.0.0
6 silly lifecycle salute-online@1.0.0~prestartWebpackDevServer: no script for prestartWebpackDevServer, continuing
7 info lifecycle salute-online@1.0.0~startWebpackDevServer: salute-online@1.0.0
8 verbose lifecycle salute-online@1.0.0~startWebpackDevServer: unsafe-perm in lifecycle true
9 verbose lifecycle salute-online@1.0.0~startWebpackDevServer: PATH: C:\Program Files\nodejs\node_modules\npm\bin\node-gyp-bin;c:\VS Projects\SaluteOnline Work\src\SaluteOnline.Client\node_modules\.bin;C:\ProgramData\Oracle\Java\javapath;C:\Program Files (x86)\Common Files\Intel\Shared Files\cpp\bin\Intel64;C:\WINDOWS\system32;C:\WINDOWS;C:\WINDOWS\System32\Wbem;C:\WINDOWS\System32\WindowsPowerShell\v1.0\;C:\Program Files (x86)\Calibre2\;C:\Program Files (x86)\Windows Kits\8.1\Windows Performance Toolkit\;C:\Program Files\Microsoft SQL Server\120\Tools\Binn\;C:\Program Files (x86)\Skype\Phone\;C:\Program Files\Microsoft SQL Server\Client SDK\ODBC\110\Tools\Binn\;C:\Program Files (x86)\Microsoft SQL Server\120\Tools\Binn\;C:\Program Files\Microsoft SQL Server\120\DTS\Binn\;C:\Program Files (x86)\Microsoft SQL Server\120\Tools\Binn\ManagementStudio\;C:\Program Files (x86)\Microsoft SQL Server\120\DTS\Binn\;C:\Program Files (x86)\Brackets\command;C:\Program Files\Microsoft SQL Server\130\Tools\Binn\;C:\Program Files\dotnet\;C:\Program Files\nodejs\;C:\Users\Home\.dnx\bin;C:\Users\Home\AppData\Local\Microsoft\WindowsApps;C:\Users\Home\AppData\Roaming\npm
10 verbose lifecycle salute-online@1.0.0~startWebpackDevServer: CWD: c:\VS Projects\SaluteOnline Work\src\SaluteOnline.Client
11 silly lifecycle salute-online@1.0.0~startWebpackDevServer: Args: [ '/d /s /c',
11 silly lifecycle   'webpack-dev-server --inline --progress --port 8080' ]
12 silly lifecycle salute-online@1.0.0~startWebpackDevServer: Returned: code: 3221225786  signal: null
13 info lifecycle salute-online@1.0.0~startWebpackDevServer: Failed to exec startWebpackDevServer script
14 verbose stack Error: salute-online@1.0.0 startWebpackDevServer: `webpack-dev-server --inline --progress --port 8080`
14 verbose stack Exit status 3221225786
14 verbose stack     at EventEmitter.<anonymous> (C:\Program Files\nodejs\node_modules\npm\lib\utils\lifecycle.js:255:16)
14 verbose stack     at emitTwo (events.js:106:13)
14 verbose stack     at EventEmitter.emit (events.js:191:7)
14 verbose stack     at ChildProcess.<anonymous> (C:\Program Files\nodejs\node_modules\npm\lib\utils\spawn.js:40:14)
14 verbose stack     at emitTwo (events.js:106:13)
14 verbose stack     at ChildProcess.emit (events.js:191:7)
14 verbose stack     at maybeClose (internal/child_process.js:877:16)
14 verbose stack     at Process.ChildProcess._handle.onexit (internal/child_process.js:226:5)
15 verbose pkgid salute-online@1.0.0
16 verbose cwd c:\VS Projects\SaluteOnline Work\src\SaluteOnline.Client
17 error Windows_NT 10.0.14393
18 error argv "C:\\Program Files\\nodejs\\node.exe" "C:\\Program Files\\nodejs\\node_modules\\npm\\bin\\npm-cli.js" "run" "startWebpackDevServer"
19 error node v6.9.0
20 error npm  v3.10.8
21 error code ELIFECYCLE
22 error salute-online@1.0.0 startWebpackDevServer: `webpack-dev-server --inline --progress --port 8080`
22 error Exit status 3221225786
23 error Failed at the salute-online@1.0.0 startWebpackDevServer script 'webpack-dev-server --inline --progress --port 8080'.
23 error Make sure you have the latest version of node.js and npm installed.
23 error If you do, this is most likely a problem with the salute-online package,
23 error not with npm itself.
23 error Tell the author that this fails on your system:
23 error     webpack-dev-server --inline --progress --port 8080
23 error You can get information on how to open an issue for this project with:
23 error     npm bugs salute-online
23 error Or if that isn't available, you can get their info via:
23 error     npm owner ls salute-online
23 error There is likely additional logging output above.
24 verbose exit [ 1, true ]
